# JRE version: Java(TM) SE Runtime Environment (16.0.2+7) (build 16.0.2+7-67)
# Java VM: Java HotSpot(TM) 64-Bit Server VM (16.0.2+7-67, mixed mode, sharing, tiered, compressed oops, compressed class ptrs, g1 gc, windows-amd64)
GC Precious Log:
 CPUs: 12 total, 12 available
 Memory: 16223M
 Large Page Support: Disabled
 NUMA Support: Disabled
 Compressed Oops: Enabled (32-bit)
 Heap Region Size: 1M
 Heap Min Capacity: 8M
 Heap Initial Capacity: 254M
 Heap Max Capacity: 1G
 Pre-touch: Disabled
 Parallel Workers: 10
 Concurrent Workers: 3
 Concurrent Refinement Workers: 10
 Periodic GC: Disabled
Heap:
 garbage-first heap   total 248832K, used 123936K [0x00000000c0000000, 0x0000000100000000)
  region size 1024K, 46 young (47104K), 1 survivors (1024K)
 Metaspace       used 10324K, committed 10496K, reserved 1064960K
  class space    used 1494K, committed 1600K, reserved 1048576K
GC Heap History (20 events):
Event: 5.933 GC heap before
{Heap before GC invocations=50 (full 16):
 garbage-first heap   total 248832K, used 216076K [0x00000000c0000000, 0x0000000100000000)
  region size 1024K, 134 young (137216K), 0 survivors (0K)
 Metaspace       used 10318K, committed 10496K, reserved 1064960K
  class space    used 1492K, committed 1600K, reserved 1048576K
}
Event: 5.934 GC heap after
{Heap after GC invocations=51 (full 16):
 garbage-first heap   total 248832K, used 78875K [0x00000000c0000000, 0x0000000100000000)
  region size 1024K, 1 young (1024K), 1 survivors (1024K)
 Metaspace       used 10318K, committed 10496K, reserved 1064960K
  class space    used 1492K, committed 1600K, reserved 1048576K
}
Event: 5.990 GC heap before
{Heap before GC invocations=51 (full 16):
 garbage-first heap   total 248832K, used 79899K [0x00000000c0000000, 0x0000000100000000)
  region size 1024K, 3 young (3072K), 1 survivors (1024K)
 Metaspace       used 10318K, committed 10496K, reserved 1064960K
  class space    used 1492K, committed 1600K, reserved 1048576K
}
Event: 6.039 GC heap after
{Heap after GC invocations=52 (full 17):
 garbage-first heap   total 248832K, used 78859K [0x00000000c0000000, 0x0000000100000000)
  region size 1024K, 0 young (0K), 0 survivors (0K)
 Metaspace       used 10318K, committed 10496K, reserved 1064960K
  class space    used 1492K, committed 1600K, reserved 1048576K
}
Event: 6.236 GC heap before
{Heap before GC invocations=52 (full 17):
 garbage-first heap   total 248832K, used 217099K [0x00000000c0000000, 0x0000000100000000)
  region size 1024K, 135 young (138240K), 0 survivors (0K)
 Metaspace       used 10318K, committed 10496K, reserved 1064960K
  class space    used 1492K, committed 1600K, reserved 1048576K
}
Event: 6.238 GC heap after
{Heap after GC invocations=53 (full 17):
 garbage-first heap   total 248832K, used 78882K [0x00000000c0000000, 0x0000000100000000)
  region size 1024K, 1 young (1024K), 1 survivors (1024K)
 Metaspace       used 10318K, committed 10496K, reserved 1064960K
  class space    used 1492K, committed 1600K, reserved 1048576K
}
Event: 6.433 GC heap before
{Heap before GC invocations=53 (full 17):
 garbage-first heap   total 248832K, used 216098K [0x00000000c0000000, 0x0000000100000000)
  region size 1024K, 135 young (138240K), 1 survivors (1024K)
 Metaspace       used 10318K, committed 10496K, reserved 1064960K
  class space    used 1492K, committed 1600K, reserved 1048576K
}
Event: 6.434 GC heap after
{Heap after GC invocations=54 (full 17):
 garbage-first heap   total 248832K, used 78884K [0x00000000c0000000, 0x0000000100000000)
  region size 1024K, 1 young (1024K), 1 survivors (1024K)
 Metaspace       used 10318K, committed 10496K, reserved 1064960K
  class space    used 1492K, committed 1600K, reserved 1048576K
}
Event: 6.628 GC heap before
{Heap before GC invocations=54 (full 17):
 garbage-first heap   total 248832K, used 217124K [0x00000000c0000000, 0x0000000100000000)
  region size 1024K, 136 young (139264K), 1 survivors (1024K)
 Metaspace       used 10318K, committed 10496K, reserved 1064960K
  class space    used 1492K, committed 1600K, reserved 1048576K
}
Event: 6.629 GC heap after
{Heap after GC invocations=55 (full 17):
 garbage-first heap   total 248832K, used 78876K [0x00000000c0000000, 0x0000000100000000)
  region size 1024K, 1 young (1024K), 1 survivors (1024K)
 Metaspace       used 10318K, committed 10496K, reserved 1064960K
  class space    used 1492K, committed 1600K, reserved 1048576K
}
Event: 6.825 GC heap before
{Heap before GC invocations=55 (full 17):
 garbage-first heap   total 248832K, used 217116K [0x00000000c0000000, 0x0000000100000000)
  region size 1024K, 136 young (139264K), 1 survivors (1024K)
 Metaspace       used 10319K, committed 10496K, reserved 1064960K
  class space    used 1492K, committed 1600K, reserved 1048576K
}
Event: 6.826 GC heap after
{Heap after GC invocations=56 (full 17):
 garbage-first heap   total 248832K, used 78876K [0x00000000c0000000, 0x0000000100000000)
  region size 1024K, 1 young (1024K), 1 survivors (1024K)
 Metaspace       used 10319K, committed 10496K, reserved 1064960K
  class space    used 1492K, committed 1600K, reserved 1048576K
}
Event: 7.028 GC heap before
{Heap before GC invocations=56 (full 17):
 garbage-first heap   total 248832K, used 217116K [0x00000000c0000000, 0x0000000100000000)
  region size 1024K, 136 young (139264K), 1 survivors (1024K)
 Metaspace       used 10319K, committed 10496K, reserved 1064960K
  class space    used 1492K, committed 1600K, reserved 1048576K
}
Event: 7.029 GC heap after
{Heap after GC invocations=57 (full 17):
 garbage-first heap   total 248832K, used 78876K [0x00000000c0000000, 0x0000000100000000)
  region size 1024K, 1 young (1024K), 1 survivors (1024K)
 Metaspace       used 10319K, committed 10496K, reserved 1064960K
  class space    used 1492K, committed 1600K, reserved 1048576K
}
Event: 7.232 GC heap before
{Heap before GC invocations=57 (full 17):
 garbage-first heap   total 248832K, used 218140K [0x00000000c0000000, 0x0000000100000000)
  region size 1024K, 137 young (140288K), 1 survivors (1024K)
 Metaspace       used 10319K, committed 10496K, reserved 1064960K
  class space    used 1492K, committed 1600K, reserved 1048576K
}
Event: 7.234 GC heap after
{Heap after GC invocations=58 (full 17):
 garbage-first heap   total 248832K, used 78874K [0x00000000c0000000, 0x0000000100000000)
  region size 1024K, 1 young (1024K), 1 survivors (1024K)
 Metaspace       used 10319K, committed 10496K, reserved 1064960K
  class space    used 1492K, committed 1600K, reserved 1048576K
}
Event: 7.429 GC heap before
{Heap before GC invocations=58 (full 17):
 garbage-first heap   total 248832K, used 218138K [0x00000000c0000000, 0x0000000100000000)
  region size 1024K, 137 young (140288K), 1 survivors (1024K)
 Metaspace       used 10319K, committed 10496K, reserved 1064960K
  class space    used 1492K, committed 1600K, reserved 1048576K
}
Event: 7.430 GC heap after
{Heap after GC invocations=59 (full 17):
 garbage-first heap   total 248832K, used 78874K [0x00000000c0000000, 0x0000000100000000)
  region size 1024K, 1 young (1024K), 1 survivors (1024K)
 Metaspace       used 10319K, committed 10496K, reserved 1064960K
  class space    used 1492K, committed 1600K, reserved 1048576K
}
Event: 7.675 GC heap before
{Heap before GC invocations=59 (full 17):
 garbage-first heap   total 248832K, used 218138K [0x00000000c0000000, 0x0000000100000000)
  region size 1024K, 137 young (140288K), 1 survivors (1024K)
 Metaspace       used 10319K, committed 10496K, reserved 1064960K
  class space    used 1492K, committed 1600K, reserved 1048576K
}
Event: 7.676 GC heap after
{Heap after GC invocations=60 (full 17):
 garbage-first heap   total 248832K, used 78880K [0x00000000c0000000, 0x0000000100000000)
  region size 1024K, 1 young (1024K), 1 survivors (1024K)
 Metaspace       used 10319K, committed 10496K, reserved 1064960K
  class space    used 1492K, committed 1600K, reserved 1048576K
}

