# JRE version: Java(TM) SE Runtime Environment (16.0.2+7) (build 16.0.2+7-67)
# Java VM: Java HotSpot(TM) 64-Bit Server VM (16.0.2+7-67, mixed mode, sharing, tiered, compressed oops, compressed class ptrs, g1 gc, windows-amd64)
GC Precious Log:
 CPUs: 12 total, 12 available
 Memory: 16223M
 Large Page Support: Disabled
 NUMA Support: Disabled
 Compressed Oops: Enabled (32-bit)
 Heap Region Size: 1M
 Heap Min Capacity: 8M
 Heap Initial Capacity: 254M
 Heap Max Capacity: 1G
 Pre-touch: Disabled
 Parallel Workers: 10
 Concurrent Workers: 3
 Concurrent Refinement Workers: 10
 Periodic GC: Disabled
Heap:
 garbage-first heap   total 249856K, used 78731K [0x00000000c0000000, 0x0000000100000000)
  region size 1024K, 1 young (1024K), 0 survivors (0K)
 Metaspace       used 9797K, committed 10048K, reserved 1064960K
  class space    used 1473K, committed 1600K, reserved 1048576K
GC Heap History (20 events):
Event: 2.362 GC heap before
{Heap before GC invocations=31 (full 8):
 garbage-first heap   total 188416K, used 61951K [0x00000000c0000000, 0x0000000100000000)
  region size 1024K, 16 young (16384K), 3 survivors (3072K)
 Metaspace       used 9178K, committed 9408K, reserved 1064960K
  class space    used 1378K, committed 1472K, reserved 1048576K
}
Event: 2.397 GC heap after
{Heap after GC invocations=32 (full 9):
 garbage-first heap   total 157696K, used 45167K [0x00000000c0000000, 0x0000000100000000)
  region size 1024K, 0 young (0K), 0 survivors (0K)
 Metaspace       used 9178K, committed 9408K, reserved 1064960K
  class space    used 1378K, committed 1472K, reserved 1048576K
}
Event: 2.584 GC heap before
{Heap before GC invocations=32 (full 9):
 garbage-first heap   total 157696K, used 111727K [0x00000000c0000000, 0x0000000100000000)
  region size 1024K, 65 young (66560K), 0 survivors (0K)
 Metaspace       used 9480K, committed 9728K, reserved 1064960K
  class space    used 1412K, committed 1536K, reserved 1048576K
}
Event: 2.595 GC heap after
{Heap after GC invocations=33 (full 9):
 garbage-first heap   total 157696K, used 53743K [0x00000000c0000000, 0x0000000100000000)
  region size 1024K, 9 young (9216K), 9 survivors (9216K)
 Metaspace       used 9480K, committed 9728K, reserved 1064960K
  class space    used 1412K, committed 1536K, reserved 1048576K
}
Event: 2.673 GC heap before
{Heap before GC invocations=33 (full 9):
 garbage-first heap   total 157696K, used 112111K [0x00000000c0000000, 0x0000000100000000)
  region size 1024K, 66 young (67584K), 9 survivors (9216K)
 Metaspace       used 9563K, committed 9792K, reserved 1064960K
  class space    used 1453K, committed 1536K, reserved 1048576K
}
Event: 2.688 GC heap after
{Heap after GC invocations=34 (full 9):
 garbage-first heap   total 157696K, used 61444K [0x00000000c0000000, 0x0000000100000000)
  region size 1024K, 9 young (9216K), 9 survivors (9216K)
 Metaspace       used 9563K, committed 9792K, reserved 1064960K
  class space    used 1453K, committed 1536K, reserved 1048576K
}
Event: 2.689 GC heap before
{Heap before GC invocations=34 (full 9):
 garbage-first heap   total 157696K, used 61444K [0x00000000c0000000, 0x0000000100000000)
  region size 1024K, 10 young (10240K), 9 survivors (9216K)
 Metaspace       used 9563K, committed 9792K, reserved 1064960K
  class space    used 1453K, committed 1536K, reserved 1048576K
}
Event: 2.741 GC heap after
{Heap after GC invocations=35 (full 10):
 garbage-first heap   total 157696K, used 60245K [0x00000000c0000000, 0x0000000100000000)
  region size 1024K, 0 young (0K), 0 survivors (0K)
 Metaspace       used 9563K, committed 9792K, reserved 1064960K
  class space    used 1453K, committed 1536K, reserved 1048576K
}
Event: 2.835 GC heap before
{Heap before GC invocations=35 (full 10):
 garbage-first heap   total 157696K, used 116565K [0x00000000c0000000, 0x0000000100000000)
  region size 1024K, 55 young (56320K), 0 survivors (0K)
 Metaspace       used 9572K, committed 9792K, reserved 1064960K
  class space    used 1453K, committed 1536K, reserved 1048576K
}
Event: 2.843 GC heap after
{Heap after GC invocations=36 (full 10):
 garbage-first heap   total 157696K, used 66883K [0x00000000c0000000, 0x0000000100000000)
  region size 1024K, 7 young (7168K), 7 survivors (7168K)
 Metaspace       used 9572K, committed 9792K, reserved 1064960K
  class space    used 1453K, committed 1536K, reserved 1048576K
}
Event: 2.891 GC heap before
{Heap before GC invocations=36 (full 10):
 garbage-first heap   total 157696K, used 120131K [0x00000000c0000000, 0x0000000100000000)
  region size 1024K, 59 young (60416K), 7 survivors (7168K)
 Metaspace       used 9573K, committed 9792K, reserved 1064960K
  class space    used 1453K, committed 1536K, reserved 1048576K
}
Event: 2.908 GC heap after
{Heap after GC invocations=37 (full 10):
 garbage-first heap   total 473088K, used 72608K [0x00000000c0000000, 0x0000000100000000)
  region size 1024K, 7 young (7168K), 7 survivors (7168K)
 Metaspace       used 9573K, committed 9792K, reserved 1064960K
  class space    used 1453K, committed 1536K, reserved 1048576K
}
Event: 2.923 GC heap before
{Heap before GC invocations=37 (full 10):
 garbage-first heap   total 473088K, used 77728K [0x00000000c0000000, 0x0000000100000000)
  region size 1024K, 13 young (13312K), 7 survivors (7168K)
 Metaspace       used 9574K, committed 9792K, reserved 1064960K
  class space    used 1453K, committed 1536K, reserved 1048576K
}
Event: 2.966 GC heap after
{Heap after GC invocations=38 (full 11):
 garbage-first heap   total 249856K, used 68463K [0x00000000c0000000, 0x0000000100000000)
  region size 1024K, 0 young (0K), 0 survivors (0K)
 Metaspace       used 9574K, committed 9792K, reserved 1064960K
  class space    used 1453K, committed 1536K, reserved 1048576K
}
Event: 3.049 GC heap before
{Heap before GC invocations=38 (full 11):
 garbage-first heap   total 249856K, used 101231K [0x00000000c0000000, 0x0000000100000000)
  region size 1024K, 33 young (33792K), 0 survivors (0K)
 Metaspace       used 9574K, committed 9792K, reserved 1064960K
  class space    used 1453K, committed 1536K, reserved 1048576K
}
Event: 3.097 GC heap after
{Heap after GC invocations=39 (full 12):
 garbage-first heap   total 249856K, used 72044K [0x00000000c0000000, 0x0000000100000000)
  region size 1024K, 0 young (0K), 0 survivors (0K)
 Metaspace       used 9574K, committed 9792K, reserved 1064960K
  class space    used 1453K, committed 1536K, reserved 1048576K
}
Event: 3.261 GC heap before
{Heap before GC invocations=39 (full 12):
 garbage-first heap   total 249856K, used 188780K [0x00000000c0000000, 0x0000000100000000)
  region size 1024K, 114 young (116736K), 0 survivors (0K)
 Metaspace       used 9575K, committed 9792K, reserved 1064960K
  class space    used 1453K, committed 1536K, reserved 1048576K
}
Event: 3.271 GC heap after
{Heap after GC invocations=40 (full 12):
 garbage-first heap   total 249856K, used 85152K [0x00000000c0000000, 0x0000000100000000)
  region size 1024K, 13 young (13312K), 13 survivors (13312K)
 Metaspace       used 9575K, committed 9792K, reserved 1064960K
  class space    used 1453K, committed 1536K, reserved 1048576K
}
Event: 3.329 GC heap before
{Heap before GC invocations=40 (full 12):
 garbage-first heap   total 249856K, used 86176K [0x00000000c0000000, 0x0000000100000000)
  region size 1024K, 15 young (15360K), 13 survivors (13312K)
 Metaspace       used 9793K, committed 10048K, reserved 1064960K
  class space    used 1471K, committed 1600K, reserved 1048576K
}
Event: 3.383 GC heap after
{Heap after GC invocations=41 (full 13):
 garbage-first heap   total 249856K, used 78731K [0x00000000c0000000, 0x0000000100000000)
  region size 1024K, 0 young (0K), 0 survivors (0K)
 Metaspace       used 9793K, committed 10048K, reserved 1064960K
  class space    used 1471K, committed 1600K, reserved 1048576K
}

