# JRE version: Java(TM) SE Runtime Environment (16.0.2+7) (build 16.0.2+7-67)
# Java VM: Java HotSpot(TM) 64-Bit Server VM (16.0.2+7-67, mixed mode, sharing, tiered, compressed oops, compressed class ptrs, g1 gc, windows-amd64)
GC Precious Log:
 CPUs: 12 total, 12 available
 Memory: 16223M
 Large Page Support: Disabled
 NUMA Support: Disabled
 Compressed Oops: Enabled (32-bit)
 Heap Region Size: 1M
 Heap Min Capacity: 8M
 Heap Initial Capacity: 254M
 Heap Max Capacity: 1G
 Pre-touch: Disabled
 Parallel Workers: 10
 Concurrent Workers: 3
 Concurrent Refinement Workers: 10
 Periodic GC: Disabled
Heap:
 garbage-first heap   total 215040K, used 78740K [0x00000000c0000000, 0x0000000100000000)
  region size 1024K, 1 young (1024K), 0 survivors (0K)
 Metaspace       used 9796K, committed 10048K, reserved 1064960K
  class space    used 1473K, committed 1600K, reserved 1048576K
GC Heap History (20 events):
Event: 2.539 GC heap before
{Heap before GC invocations=31 (full 11):
 garbage-first heap   total 137216K, used 88490K [0x00000000c0000000, 0x0000000100000000)
  region size 1024K, 47 young (48128K), 0 survivors (0K)
 Metaspace       used 9466K, committed 9728K, reserved 1064960K
  class space    used 1412K, committed 1536K, reserved 1048576K
}
Event: 2.548 GC heap after
{Heap after GC invocations=32 (full 11):
 garbage-first heap   total 137216K, used 47650K [0x00000000c0000000, 0x0000000100000000)
  region size 1024K, 6 young (6144K), 6 survivors (6144K)
 Metaspace       used 9466K, committed 9728K, reserved 1064960K
  class space    used 1412K, committed 1536K, reserved 1048576K
}
Event: 2.612 GC heap before
{Heap before GC invocations=32 (full 11):
 garbage-first heap   total 137216K, used 92706K [0x00000000c0000000, 0x0000000100000000)
  region size 1024K, 50 young (51200K), 6 survivors (6144K)
 Metaspace       used 9474K, committed 9728K, reserved 1064960K
  class space    used 1412K, committed 1536K, reserved 1048576K
}
Event: 2.631 GC heap after
{Heap after GC invocations=33 (full 11):
 garbage-first heap   total 137216K, used 53803K [0x00000000c0000000, 0x0000000100000000)
  region size 1024K, 6 young (6144K), 6 survivors (6144K)
 Metaspace       used 9474K, committed 9728K, reserved 1064960K
  class space    used 1412K, committed 1536K, reserved 1048576K
}
Event: 2.656 GC heap before
{Heap before GC invocations=33 (full 11):
 garbage-first heap   total 137216K, used 64043K [0x00000000c0000000, 0x0000000100000000)
  region size 1024K, 17 young (17408K), 6 survivors (6144K)
 Metaspace       used 9474K, committed 9728K, reserved 1064960K
  class space    used 1412K, committed 1536K, reserved 1048576K
}
Event: 2.718 GC heap after
{Heap after GC invocations=34 (full 12):
 garbage-first heap   total 137216K, used 54384K [0x00000000c0000000, 0x0000000100000000)
  region size 1024K, 0 young (0K), 0 survivors (0K)
 Metaspace       used 9474K, committed 9728K, reserved 1064960K
  class space    used 1412K, committed 1536K, reserved 1048576K
}
Event: 2.770 GC heap before
{Heap before GC invocations=34 (full 12):
 garbage-first heap   total 137216K, used 98416K [0x00000000c0000000, 0x0000000100000000)
  region size 1024K, 43 young (44032K), 0 survivors (0K)
 Metaspace       used 9476K, committed 9728K, reserved 1064960K
  class space    used 1412K, committed 1536K, reserved 1048576K
}
Event: 2.781 GC heap after
{Heap after GC invocations=35 (full 12):
 garbage-first heap   total 411648K, used 60528K [0x00000000c0000000, 0x0000000100000000)
  region size 1024K, 6 young (6144K), 6 survivors (6144K)
 Metaspace       used 9476K, committed 9728K, reserved 1064960K
  class space    used 1412K, committed 1536K, reserved 1048576K
}
Event: 2.803 GC heap before
{Heap before GC invocations=35 (full 12):
 garbage-first heap   total 411648K, used 67696K [0x00000000c0000000, 0x0000000100000000)
  region size 1024K, 14 young (14336K), 6 survivors (6144K)
 Metaspace       used 9544K, committed 9792K, reserved 1064960K
  class space    used 1443K, committed 1536K, reserved 1048576K
}
Event: 2.841 GC heap after
{Heap after GC invocations=36 (full 13):
 garbage-first heap   total 215040K, used 60322K [0x00000000c0000000, 0x0000000100000000)
  region size 1024K, 0 young (0K), 0 survivors (0K)
 Metaspace       used 9544K, committed 9792K, reserved 1064960K
  class space    used 1443K, committed 1536K, reserved 1048576K
}
Event: 2.926 GC heap before
{Heap before GC invocations=36 (full 13):
 garbage-first heap   total 215040K, used 100258K [0x00000000c0000000, 0x0000000100000000)
  region size 1024K, 40 young (40960K), 0 survivors (0K)
 Metaspace       used 9554K, committed 9792K, reserved 1064960K
  class space    used 1445K, committed 1536K, reserved 1048576K
}
Event: 2.973 GC heap after
{Heap after GC invocations=37 (full 14):
 garbage-first heap   total 215040K, used 64115K [0x00000000c0000000, 0x0000000100000000)
  region size 1024K, 0 young (0K), 0 survivors (0K)
 Metaspace       used 9554K, committed 9792K, reserved 1064960K
  class space    used 1445K, committed 1536K, reserved 1048576K
}
Event: 3.044 GC heap before
{Heap before GC invocations=37 (full 14):
 garbage-first heap   total 215040K, used 121459K [0x00000000c0000000, 0x0000000100000000)
  region size 1024K, 57 young (58368K), 0 survivors (0K)
 Metaspace       used 9557K, committed 9792K, reserved 1064960K
  class space    used 1445K, committed 1536K, reserved 1048576K
}
Event: 3.098 GC heap after
{Heap after GC invocations=38 (full 15):
 garbage-first heap   total 215040K, used 66711K [0x00000000c0000000, 0x0000000100000000)
  region size 1024K, 0 young (0K), 0 survivors (0K)
 Metaspace       used 9557K, committed 9792K, reserved 1064960K
  class space    used 1445K, committed 1536K, reserved 1048576K
}
Event: 3.166 GC heap before
{Heap before GC invocations=38 (full 15):
 garbage-first heap   total 215040K, used 132247K [0x00000000c0000000, 0x0000000100000000)
  region size 1024K, 65 young (66560K), 0 survivors (0K)
 Metaspace       used 9558K, committed 9792K, reserved 1064960K
  class space    used 1445K, committed 1536K, reserved 1048576K
}
Event: 3.233 GC heap after
{Heap after GC invocations=39 (full 16):
 garbage-first heap   total 215040K, used 73883K [0x00000000c0000000, 0x0000000100000000)
  region size 1024K, 0 young (0K), 0 survivors (0K)
 Metaspace       used 9558K, committed 9792K, reserved 1064960K
  class space    used 1445K, committed 1536K, reserved 1048576K
}
Event: 3.344 GC heap before
{Heap before GC invocations=39 (full 16):
 garbage-first heap   total 215040K, used 155803K [0x00000000c0000000, 0x0000000100000000)
  region size 1024K, 80 young (81920K), 0 survivors (0K)
 Metaspace       used 9559K, committed 9792K, reserved 1064960K
  class space    used 1445K, committed 1536K, reserved 1048576K
}
Event: 3.351 GC heap after
{Heap after GC invocations=40 (full 16):
 garbage-first heap   total 215040K, used 83568K [0x00000000c0000000, 0x0000000100000000)
  region size 1024K, 10 young (10240K), 10 survivors (10240K)
 Metaspace       used 9559K, committed 9792K, reserved 1064960K
  class space    used 1445K, committed 1536K, reserved 1048576K
}
Event: 3.411 GC heap before
{Heap before GC invocations=40 (full 16):
 garbage-first heap   total 215040K, used 102000K [0x00000000c0000000, 0x0000000100000000)
  region size 1024K, 29 young (29696K), 10 survivors (10240K)
 Metaspace       used 9791K, committed 10048K, reserved 1064960K
  class space    used 1472K, committed 1600K, reserved 1048576K
}
Event: 3.475 GC heap after
{Heap after GC invocations=41 (full 17):
 garbage-first heap   total 215040K, used 78740K [0x00000000c0000000, 0x0000000100000000)
  region size 1024K, 0 young (0K), 0 survivors (0K)
 Metaspace       used 9791K, committed 10048K, reserved 1064960K
  class space    used 1472K, committed 1600K, reserved 1048576K
}

