# JRE version: Java(TM) SE Runtime Environment (16.0.2+7) (build 16.0.2+7-67)
# Java VM: Java HotSpot(TM) 64-Bit Server VM (16.0.2+7-67, mixed mode, sharing, tiered, compressed oops, compressed class ptrs, g1 gc, windows-amd64)
GC Precious Log:
 CPUs: 12 total, 12 available
 Memory: 16223M
 Large Page Support: Disabled
 NUMA Support: Disabled
 Compressed Oops: Enabled (32-bit)
 Heap Region Size: 1M
 Heap Min Capacity: 8M
 Heap Initial Capacity: 254M
 Heap Max Capacity: 1G
 Pre-touch: Disabled
 Parallel Workers: 10
 Concurrent Workers: 3
 Concurrent Refinement Workers: 10
 Periodic GC: Disabled
Heap:
 garbage-first heap   total 225280K, used 118254K [0x00000000c0000000, 0x0000000100000000)
  region size 1024K, 38 young (38912K), 0 survivors (0K)
 Metaspace       used 9796K, committed 10048K, reserved 1064960K
  class space    used 1473K, committed 1600K, reserved 1048576K
GC Heap History (20 events):
Event: 2.363 GC heap before
{Heap before GC invocations=28 (full 10):
 garbage-first heap   total 130048K, used 40393K [0x00000000c0000000, 0x0000000100000000)
  region size 1024K, 4 young (4096K), 0 survivors (0K)
 Metaspace       used 8645K, committed 8832K, reserved 1064960K
  class space    used 1313K, committed 1408K, reserved 1048576K
}
Event: 2.392 GC heap after
{Heap after GC invocations=29 (full 11):
 garbage-first heap   total 130048K, used 37811K [0x00000000c0000000, 0x0000000100000000)
  region size 1024K, 0 young (0K), 0 survivors (0K)
 Metaspace       used 8645K, committed 8832K, reserved 1064960K
  class space    used 1313K, committed 1408K, reserved 1048576K
}
Event: 2.608 GC heap before
{Heap before GC invocations=29 (full 11):
 garbage-first heap   total 130048K, used 81843K [0x00000000c0000000, 0x0000000100000000)
  region size 1024K, 42 young (43008K), 0 survivors (0K)
 Metaspace       used 9443K, committed 9664K, reserved 1064960K
  class space    used 1412K, committed 1536K, reserved 1048576K
}
Event: 2.619 GC heap after
{Heap after GC invocations=30 (full 11):
 garbage-first heap   total 130048K, used 45850K [0x00000000c0000000, 0x0000000100000000)
  region size 1024K, 6 young (6144K), 6 survivors (6144K)
 Metaspace       used 9443K, committed 9664K, reserved 1064960K
  class space    used 1412K, committed 1536K, reserved 1048576K
}
Event: 2.691 GC heap before
{Heap before GC invocations=30 (full 11):
 garbage-first heap   total 130048K, used 86810K [0x00000000c0000000, 0x0000000100000000)
  region size 1024K, 46 young (47104K), 6 survivors (6144K)
 Metaspace       used 9483K, committed 9728K, reserved 1064960K
  class space    used 1412K, committed 1536K, reserved 1048576K
}
Event: 2.702 GC heap after
{Heap after GC invocations=31 (full 11):
 garbage-first heap   total 130048K, used 51394K [0x00000000c0000000, 0x0000000100000000)
  region size 1024K, 6 young (6144K), 6 survivors (6144K)
 Metaspace       used 9483K, committed 9728K, reserved 1064960K
  class space    used 1412K, committed 1536K, reserved 1048576K
}
Event: 2.702 GC heap before
{Heap before GC invocations=31 (full 11):
 garbage-first heap   total 130048K, used 51394K [0x00000000c0000000, 0x0000000100000000)
  region size 1024K, 7 young (7168K), 6 survivors (6144K)
 Metaspace       used 9483K, committed 9728K, reserved 1064960K
  class space    used 1412K, committed 1536K, reserved 1048576K
}
Event: 2.744 GC heap after
{Heap after GC invocations=32 (full 12):
 garbage-first heap   total 130048K, used 50821K [0x00000000c0000000, 0x0000000100000000)
  region size 1024K, 0 young (0K), 0 survivors (0K)
 Metaspace       used 9483K, committed 9728K, reserved 1064960K
  class space    used 1412K, committed 1536K, reserved 1048576K
}
Event: 2.789 GC heap before
{Heap before GC invocations=32 (full 12):
 garbage-first heap   total 130048K, used 90757K [0x00000000c0000000, 0x0000000100000000)
  region size 1024K, 39 young (39936K), 0 survivors (0K)
 Metaspace       used 9483K, committed 9728K, reserved 1064960K
  class space    used 1412K, committed 1536K, reserved 1048576K
}
Event: 2.797 GC heap after
{Heap after GC invocations=33 (full 12):
 garbage-first heap   total 130048K, used 56567K [0x00000000c0000000, 0x0000000100000000)
  region size 1024K, 5 young (5120K), 5 survivors (5120K)
 Metaspace       used 9483K, committed 9728K, reserved 1064960K
  class space    used 1412K, committed 1536K, reserved 1048576K
}
Event: 2.845 GC heap before
{Heap before GC invocations=33 (full 12):
 garbage-first heap   total 130048K, used 93431K [0x00000000c0000000, 0x0000000100000000)
  region size 1024K, 41 young (41984K), 5 survivors (5120K)
 Metaspace       used 9560K, committed 9792K, reserved 1064960K
  class space    used 1453K, committed 1536K, reserved 1048576K
}
Event: 2.858 GC heap after
{Heap after GC invocations=34 (full 12):
 garbage-first heap   total 390144K, used 61583K [0x00000000c0000000, 0x0000000100000000)
  region size 1024K, 6 young (6144K), 6 survivors (6144K)
 Metaspace       used 9560K, committed 9792K, reserved 1064960K
  class space    used 1453K, committed 1536K, reserved 1048576K
}
Event: 2.900 GC heap before
{Heap before GC invocations=34 (full 12):
 garbage-first heap   total 390144K, used 81039K [0x00000000c0000000, 0x0000000100000000)
  region size 1024K, 26 young (26624K), 6 survivors (6144K)
 Metaspace       used 9564K, committed 9792K, reserved 1064960K
  class space    used 1453K, committed 1536K, reserved 1048576K
}
Event: 2.941 GC heap after
{Heap after GC invocations=35 (full 13):
 garbage-first heap   total 229376K, used 62114K [0x00000000c0000000, 0x0000000100000000)
  region size 1024K, 0 young (0K), 0 survivors (0K)
 Metaspace       used 9564K, committed 9792K, reserved 1064960K
  class space    used 1453K, committed 1536K, reserved 1048576K
}
Event: 3.011 GC heap before
{Heap before GC invocations=35 (full 13):
 garbage-first heap   total 229376K, used 105122K [0x00000000c0000000, 0x0000000100000000)
  region size 1024K, 43 young (44032K), 0 survivors (0K)
 Metaspace       used 9571K, committed 9792K, reserved 1064960K
  class space    used 1453K, committed 1536K, reserved 1048576K
}
Event: 3.059 GC heap after
{Heap after GC invocations=36 (full 14):
 garbage-first heap   total 225280K, used 62468K [0x00000000c0000000, 0x0000000100000000)
  region size 1024K, 0 young (0K), 0 survivors (0K)
 Metaspace       used 9571K, committed 9792K, reserved 1064960K
  class space    used 1453K, committed 1536K, reserved 1048576K
}
Event: 3.187 GC heap before
{Heap before GC invocations=36 (full 14):
 garbage-first heap   total 225280K, used 157700K [0x00000000c0000000, 0x0000000100000000)
  region size 1024K, 93 young (95232K), 0 survivors (0K)
 Metaspace       used 9573K, committed 9792K, reserved 1064960K
  class space    used 1453K, committed 1536K, reserved 1048576K
}
Event: 3.196 GC heap after
{Heap after GC invocations=37 (full 14):
 garbage-first heap   total 225280K, used 73548K [0x00000000c0000000, 0x0000000100000000)
  region size 1024K, 11 young (11264K), 11 survivors (11264K)
 Metaspace       used 9573K, committed 9792K, reserved 1064960K
  class space    used 1453K, committed 1536K, reserved 1048576K
}
Event: 3.270 GC heap before
{Heap before GC invocations=37 (full 14):
 garbage-first heap   total 225280K, used 144204K [0x00000000c0000000, 0x0000000100000000)
  region size 1024K, 81 young (82944K), 11 survivors (11264K)
 Metaspace       used 9575K, committed 9792K, reserved 1064960K
  class space    used 1453K, committed 1536K, reserved 1048576K
}
Event: 3.335 GC heap after
{Heap after GC invocations=38 (full 15):
 garbage-first heap   total 225280K, used 80366K [0x00000000c0000000, 0x0000000100000000)
  region size 1024K, 0 young (0K), 0 survivors (0K)
 Metaspace       used 9575K, committed 9792K, reserved 1064960K
  class space    used 1453K, committed 1536K, reserved 1048576K
}

