# JRE version: Java(TM) SE Runtime Environment (16.0.2+7) (build 16.0.2+7-67)
# Java VM: Java HotSpot(TM) 64-Bit Server VM (16.0.2+7-67, mixed mode, sharing, tiered, compressed oops, compressed class ptrs, g1 gc, windows-amd64)
GC Precious Log:
 CPUs: 12 total, 12 available
 Memory: 16223M
 Large Page Support: Disabled
 NUMA Support: Disabled
 Compressed Oops: Enabled (32-bit)
 Heap Region Size: 1M
 Heap Min Capacity: 8M
 Heap Initial Capacity: 254M
 Heap Max Capacity: 1G
 Pre-touch: Disabled
 Parallel Workers: 10
 Concurrent Workers: 3
 Concurrent Refinement Workers: 10
 Periodic GC: Disabled
Heap:
 garbage-first heap   total 270336K, used 137275K [0x00000000c0000000, 0x0000000100000000)
  region size 1024K, 59 young (60416K), 1 survivors (1024K)
 Metaspace       used 10318K, committed 10496K, reserved 1064960K
  class space    used 1497K, committed 1600K, reserved 1048576K
GC Heap History (20 events):
Event: 6.505 GC heap before
{Heap before GC invocations=59 (full 26):
 garbage-first heap   total 270336K, used 235587K [0x00000000c0000000, 0x0000000100000000)
  region size 1024K, 154 young (157696K), 1 survivors (1024K)
 Metaspace       used 10312K, committed 10496K, reserved 1064960K
  class space    used 1495K, committed 1600K, reserved 1048576K
}
Event: 6.506 GC heap after
{Heap after GC invocations=60 (full 26):
 garbage-first heap   total 270336K, used 78911K [0x00000000c0000000, 0x0000000100000000)
  region size 1024K, 1 young (1024K), 1 survivors (1024K)
 Metaspace       used 10312K, committed 10496K, reserved 1064960K
  class space    used 1495K, committed 1600K, reserved 1048576K
}
Event: 6.694 GC heap before
{Heap before GC invocations=60 (full 26):
 garbage-first heap   total 270336K, used 236607K [0x00000000c0000000, 0x0000000100000000)
  region size 1024K, 155 young (158720K), 1 survivors (1024K)
 Metaspace       used 10312K, committed 10496K, reserved 1064960K
  class space    used 1495K, committed 1600K, reserved 1048576K
}
Event: 6.695 GC heap after
{Heap after GC invocations=61 (full 26):
 garbage-first heap   total 270336K, used 78917K [0x00000000c0000000, 0x0000000100000000)
  region size 1024K, 1 young (1024K), 1 survivors (1024K)
 Metaspace       used 10312K, committed 10496K, reserved 1064960K
  class space    used 1495K, committed 1600K, reserved 1048576K
}
Event: 6.876 GC heap before
{Heap before GC invocations=61 (full 26):
 garbage-first heap   total 270336K, used 236613K [0x00000000c0000000, 0x0000000100000000)
  region size 1024K, 155 young (158720K), 1 survivors (1024K)
 Metaspace       used 10312K, committed 10496K, reserved 1064960K
  class space    used 1495K, committed 1600K, reserved 1048576K
}
Event: 6.877 GC heap after
{Heap after GC invocations=62 (full 26):
 garbage-first heap   total 270336K, used 78913K [0x00000000c0000000, 0x0000000100000000)
  region size 1024K, 1 young (1024K), 1 survivors (1024K)
 Metaspace       used 10312K, committed 10496K, reserved 1064960K
  class space    used 1495K, committed 1600K, reserved 1048576K
}
Event: 7.059 GC heap before
{Heap before GC invocations=62 (full 26):
 garbage-first heap   total 270336K, used 237633K [0x00000000c0000000, 0x0000000100000000)
  region size 1024K, 156 young (159744K), 1 survivors (1024K)
 Metaspace       used 10312K, committed 10496K, reserved 1064960K
  class space    used 1495K, committed 1600K, reserved 1048576K
}
Event: 7.061 GC heap after
{Heap after GC invocations=63 (full 26):
 garbage-first heap   total 270336K, used 78913K [0x00000000c0000000, 0x0000000100000000)
  region size 1024K, 1 young (1024K), 1 survivors (1024K)
 Metaspace       used 10312K, committed 10496K, reserved 1064960K
  class space    used 1495K, committed 1600K, reserved 1048576K
}
Event: 7.254 GC heap before
{Heap before GC invocations=63 (full 26):
 garbage-first heap   total 270336K, used 237633K [0x00000000c0000000, 0x0000000100000000)
  region size 1024K, 156 young (159744K), 1 survivors (1024K)
 Metaspace       used 10312K, committed 10496K, reserved 1064960K
  class space    used 1495K, committed 1600K, reserved 1048576K
}
Event: 7.255 GC heap after
{Heap after GC invocations=64 (full 26):
 garbage-first heap   total 270336K, used 78919K [0x00000000c0000000, 0x0000000100000000)
  region size 1024K, 1 young (1024K), 1 survivors (1024K)
 Metaspace       used 10312K, committed 10496K, reserved 1064960K
  class space    used 1495K, committed 1600K, reserved 1048576K
}
Event: 7.435 GC heap before
{Heap before GC invocations=64 (full 26):
 garbage-first heap   total 270336K, used 237639K [0x00000000c0000000, 0x0000000100000000)
  region size 1024K, 156 young (159744K), 1 survivors (1024K)
 Metaspace       used 10312K, committed 10496K, reserved 1064960K
  class space    used 1495K, committed 1600K, reserved 1048576K
}
Event: 7.436 GC heap after
{Heap after GC invocations=65 (full 26):
 garbage-first heap   total 270336K, used 78913K [0x00000000c0000000, 0x0000000100000000)
  region size 1024K, 1 young (1024K), 1 survivors (1024K)
 Metaspace       used 10312K, committed 10496K, reserved 1064960K
  class space    used 1495K, committed 1600K, reserved 1048576K
}
Event: 7.618 GC heap before
{Heap before GC invocations=65 (full 26):
 garbage-first heap   total 270336K, used 237633K [0x00000000c0000000, 0x0000000100000000)
  region size 1024K, 156 young (159744K), 1 survivors (1024K)
 Metaspace       used 10312K, committed 10496K, reserved 1064960K
  class space    used 1495K, committed 1600K, reserved 1048576K
}
Event: 7.619 GC heap after
{Heap after GC invocations=66 (full 26):
 garbage-first heap   total 270336K, used 78905K [0x00000000c0000000, 0x0000000100000000)
  region size 1024K, 1 young (1024K), 1 survivors (1024K)
 Metaspace       used 10312K, committed 10496K, reserved 1064960K
  class space    used 1495K, committed 1600K, reserved 1048576K
}
Event: 7.805 GC heap before
{Heap before GC invocations=66 (full 26):
 garbage-first heap   total 270336K, used 238649K [0x00000000c0000000, 0x0000000100000000)
  region size 1024K, 157 young (160768K), 1 survivors (1024K)
 Metaspace       used 10312K, committed 10496K, reserved 1064960K
  class space    used 1495K, committed 1600K, reserved 1048576K
}
Event: 7.806 GC heap after
{Heap after GC invocations=67 (full 26):
 garbage-first heap   total 270336K, used 78921K [0x00000000c0000000, 0x0000000100000000)
  region size 1024K, 1 young (1024K), 1 survivors (1024K)
 Metaspace       used 10312K, committed 10496K, reserved 1064960K
  class space    used 1495K, committed 1600K, reserved 1048576K
}
Event: 7.994 GC heap before
{Heap before GC invocations=67 (full 26):
 garbage-first heap   total 270336K, used 238665K [0x00000000c0000000, 0x0000000100000000)
  region size 1024K, 157 young (160768K), 1 survivors (1024K)
 Metaspace       used 10312K, committed 10496K, reserved 1064960K
  class space    used 1495K, committed 1600K, reserved 1048576K
}
Event: 7.995 GC heap after
{Heap after GC invocations=68 (full 26):
 garbage-first heap   total 270336K, used 78917K [0x00000000c0000000, 0x0000000100000000)
  region size 1024K, 1 young (1024K), 1 survivors (1024K)
 Metaspace       used 10312K, committed 10496K, reserved 1064960K
  class space    used 1495K, committed 1600K, reserved 1048576K
}
Event: 8.202 GC heap before
{Heap before GC invocations=68 (full 26):
 garbage-first heap   total 270336K, used 238661K [0x00000000c0000000, 0x0000000100000000)
  region size 1024K, 157 young (160768K), 1 survivors (1024K)
 Metaspace       used 10312K, committed 10496K, reserved 1064960K
  class space    used 1495K, committed 1600K, reserved 1048576K
}
Event: 8.203 GC heap after
{Heap after GC invocations=69 (full 26):
 garbage-first heap   total 270336K, used 78907K [0x00000000c0000000, 0x0000000100000000)
  region size 1024K, 1 young (1024K), 1 survivors (1024K)
 Metaspace       used 10312K, committed 10496K, reserved 1064960K
  class space    used 1495K, committed 1600K, reserved 1048576K
}

